#
# A fatal error has been detected by the Java Runtime Environment:
#
#  Internal Error (javaClasses.cpp:136), pid=6172, tid=7664
#  fatal error: Invalid layout of preloaded class
#
# JRE version:  (7.0_40-b43) (build )
# Java VM: Java HotSpot(TM) 64-Bit Server VM (24.0-b56 mixed mode windows-amd64 compressed oops)
# Failed to write core dump. Minidumps are not enabled by default on client versions of Windows
#
# If you would like to submit a bug report, please visit:
#   http://bugreport.sun.com/bugreport/crash.jsp
#

---------------  T H R E A D  ---------------

Current thread (0x0000000002380800):  JavaThread "Unknown thread" [_thread_in_vm, id=7664, stack(0x0000000002180000,0x0000000002280000)]

Stack: [0x0000000002180000,0x0000000002280000]

---------------  P R O C E S S  ---------------

Java Threads: ( => current thread )

Other Threads:

=>0x0000000002380800 (exited) JavaThread "Unknown thread" [_thread_in_vm, id=7664, stack(0x0000000002180000,0x0000000002280000)]

VM state:not at safepoint (not fully initialized)

VM Mutex/Monitor currently owned by a thread: None

GC Heap History (0 events):
No events

Deoptimization events (0 events):
No events

Internal exceptions (0 events):
No events

Events (10 events):
Event: 0.037 loading class 0x00000000023c4b70 done
Event: 0.038 loading class 0x00000000023c4590 done
Event: 0.038 loading class 0x00000000023c4570
Event: 0.038 loading class 0x00000000023cc670
Event: 0.039 loading class 0x00000000023cc670 done
Event: 0.039 loading class 0x00000000023cc6a0
Event: 0.039 loading class 0x00000000023cc6a0 done
Event: 0.039 loading class 0x00000000023cc6d0
Event: 0.039 loading class 0x00000000023cc6d0 done
Event: 0.039 loading class 0x00000000023c4570 done


Dynamic libraries:
0x00007ff6eb1e0000 - 0x00007ff6eb213000 	C:\Program Files\Java\jre7\bin\javaw.exe
0x00007ff947fb0000 - 0x00007ff948159000 	C:\WINDOWS\SYSTEM32\ntdll.dll
0x00007ff9461f0000 - 0x00007ff946329000 	C:\WINDOWS\system32\KERNEL32.DLL
0x00007ff9456e0000 - 0x00007ff9457ee000 	C:\WINDOWS\system32\KERNELBASE.dll
0x00007ff943f60000 - 0x00007ff943feb000 	C:\WINDOWS\system32\apphelp.dll
0x00007ff941a70000 - 0x00007ff941abc000 	C:\WINDOWS\AppPatch\AppPatch64\AcGenral.DLL
0x00007ff947740000 - 0x00007ff9477e7000 	C:\WINDOWS\system32\msvcrt.dll
0x00007ff945170000 - 0x00007ff94519b000 	C:\WINDOWS\SYSTEM32\SspiCli.dll
0x00007ff947970000 - 0x00007ff9479c1000 	C:\WINDOWS\system32\SHLWAPI.dll
0x00007ff945d50000 - 0x00007ff945ec1000 	C:\WINDOWS\system32\USER32.dll
0x00007ff947c80000 - 0x00007ff947df6000 	C:\WINDOWS\system32\ole32.dll
0x00007ff946330000 - 0x00007ff94773f000 	C:\WINDOWS\system32\SHELL32.dll
0x00007ff944990000 - 0x00007ff9449af000 	C:\WINDOWS\SYSTEM32\USERENV.dll
0x00007ff9477f0000 - 0x00007ff947895000 	C:\WINDOWS\system32\ADVAPI32.dll
0x00007ff938b40000 - 0x00007ff938b5b000 	C:\WINDOWS\SYSTEM32\MPR.dll
0x00007ff945840000 - 0x00007ff945976000 	C:\WINDOWS\system32\RPCRT4.dll
0x00007ff9479d0000 - 0x00007ff947a27000 	C:\WINDOWS\SYSTEM32\sechost.dll
0x00007ff945fb0000 - 0x00007ff946187000 	C:\WINDOWS\SYSTEM32\combase.dll
0x00007ff9459e0000 - 0x00007ff945b25000 	C:\WINDOWS\system32\GDI32.dll
0x00007ff945330000 - 0x00007ff945344000 	C:\WINDOWS\SYSTEM32\profapi.dll
0x00007ff943980000 - 0x00007ff943a21000 	C:\WINDOWS\SYSTEM32\SHCORE.dll
0x00007ff945b30000 - 0x00007ff945b64000 	C:\WINDOWS\system32\IMM32.DLL
0x00007ff945c10000 - 0x00007ff945d48000 	C:\WINDOWS\system32\MSCTF.dll
0x00007ff9423c0000 - 0x00007ff94261a000 	C:\WINDOWS\WinSxS\amd64_microsoft.windows.common-controls_6595b64144ccf1df_6.0.9600.16384_none_62475f7becb72503\COMCTL32.dll
0x000000005b2d0000 - 0x000000005b3a1000 	C:\Program Files\Java\jre7\bin\msvcr100.dll
0x000000005a1f0000 - 0x000000005a9b9000 	C:\Program Files\Java\jre7\bin\server\jvm.dll
0x00007ff940240000 - 0x00007ff940249000 	C:\WINDOWS\SYSTEM32\WSOCK32.dll
0x00007ff938950000 - 0x00007ff93896f000 	C:\WINDOWS\SYSTEM32\WINMM.dll
0x00007ff947a30000 - 0x00007ff947a37000 	C:\WINDOWS\system32\PSAPI.DLL
0x00007ff947a40000 - 0x00007ff947a98000 	C:\WINDOWS\system32\WS2_32.dll
0x00007ff9362e0000 - 0x00007ff93630a000 	C:\WINDOWS\SYSTEM32\WINMMBASE.dll
0x00007ff947960000 - 0x00007ff947969000 	C:\WINDOWS\system32\NSI.dll
0x00007ff9455e0000 - 0x00007ff94562a000 	C:\WINDOWS\SYSTEM32\cfgmgr32.dll
0x00007ff9441b0000 - 0x00007ff9441d6000 	C:\WINDOWS\SYSTEM32\DEVOBJ.dll
0x000000005b2c0000 - 0x000000005b2cf000 	C:\Program Files\Java\jre7\bin\verify.dll
0x000000005b290000 - 0x000000005b2b8000 	C:\Program Files\Java\jre7\bin\java.dll
0x000000005a1d0000 - 0x000000005a1e5000 	C:\Program Files\Java\jre7\bin\zip.dll

VM Arguments:
jvm_args: -Dfile.encoding=Cp1252 -Xbootclasspath:D:\Documents\adt-bundle-windows-x86_64-20130729\adt-bundle-windows-x86_64-20130729\sdk\platforms\android-18\android.jar 
java_command: com.example.triageapplication.Patient
Launcher Type: SUN_STANDARD

Environment Variables:
JAVA_HOME=C:\Program Files\Java\jdk1.7.0_40
PATH=C:\Program Files (x86)\Intel\iCLS Client\;C:\Program Files\Intel\iCLS Client\;C:\Windows\system32;C:\Windows;C:\Windows\System32\Wbem;C:\Windows\System32\WindowsPowerShell\v1.0\;C:\Program Files (x86)\Windows Live\Shared;C:\Program Files\Intel\Intel(R) Management Engine Components\DAL;C:\Program Files\Intel\Intel(R) Management Engine Components\IPT;C:\Program Files (x86)\Intel\Intel(R) Management Engine Components\DAL;C:\Program Files (x86)\Intel\Intel(R) Management Engine Components\IPT;C:\Program Files (x86)\Intel\OpenCL SDK\2.0\bin\x86;C:\Program Files (x86)\Intel\OpenCL SDK\2.0\bin\x64;C:\Program Files\Diskeeper Corporation\ExpressCache\;C:\Program Files\MiKTeX 2.9\miktex\bin\x64\;C:\Program Files\SlikSvn\bin;C:\WINDOWS\system32;C:\WINDOWS;C:\WINDOWS\System32\Wbem;C:\WINDOWS\System32\WindowsPowerShell\v1.0\;D:\Documents\adt-bundle-windows-x86_64-20130729\adt-bundle-windows-x86_64-20130729\sdk\platform-tools
USERNAME=Christine
OS=Windows_NT
PROCESSOR_IDENTIFIER=Intel64 Family 6 Model 58 Stepping 9, GenuineIntel



---------------  S Y S T E M  ---------------

OS: Windows 8 , 64 bit Build 9200 

CPU:total 4 (2 cores per cpu, 2 threads per core) family 6 model 58 stepping 9, cmov, cx8, fxsr, mmx, sse, sse2, sse3, ssse3, sse4.1, sse4.2, popcnt, avx, aes, erms, ht, tsc, tscinvbit, tscinv

Memory: 4k page, physical 6174416k(1741588k free), swap 7157456k(1639992k free)

vm_info: Java HotSpot(TM) 64-Bit Server VM (24.0-b56) for windows-amd64 JRE (1.7.0_40-b43), built on Aug 26 2013 22:38:32 by "java_re" with unknown MS VC++:1600

time: Thu Nov 07 18:17:57 2013
elapsed time: 0 seconds

