#
# A fatal error has been detected by the Java Runtime Environment:
#
#  Internal Error (javaClasses.cpp:136), pid=6716, tid=9452
#  fatal error: Invalid layout of preloaded class
#
# JRE version:  (7.0_40-b43) (build )
# Java VM: Java HotSpot(TM) 64-Bit Server VM (24.0-b56 mixed mode windows-amd64 compressed oops)
# Failed to write core dump. Minidumps are not enabled by default on client versions of Windows
#
# If you would like to submit a bug report, please visit:
#   http://bugreport.sun.com/bugreport/crash.jsp
#

---------------  T H R E A D  ---------------

Current thread (0x0000000001e50800):  JavaThread "Unknown thread" [_thread_in_vm, id=9452, stack(0x0000000001d50000,0x0000000001e50000)]

Stack: [0x0000000001d50000,0x0000000001e50000]

---------------  P R O C E S S  ---------------

Java Threads: ( => current thread )

Other Threads:

=>0x0000000001e50800 (exited) JavaThread "Unknown thread" [_thread_in_vm, id=9452, stack(0x0000000001d50000,0x0000000001e50000)]

VM state:not at safepoint (not fully initialized)

VM Mutex/Monitor currently owned by a thread: None

GC Heap History (0 events):
No events

Deoptimization events (0 events):
No events

Internal exceptions (0 events):
No events

Events (10 events):
Event: 0.057 loading class 0x0000000001e947f0 done
Event: 0.058 loading class 0x0000000001e94210 done
Event: 0.058 loading class 0x0000000001e941f0
Event: 0.059 loading class 0x0000000001e9c2f0
Event: 0.059 loading class 0x0000000001e9c2f0 done
Event: 0.059 loading class 0x0000000001e9c320
Event: 0.059 loading class 0x0000000001e9c320 done
Event: 0.059 loading class 0x0000000001e9c350
Event: 0.060 loading class 0x0000000001e9c350 done
Event: 0.061 loading class 0x0000000001e941f0 done


Dynamic libraries:
0x00007ff625100000 - 0x00007ff625133000 	C:\Program Files\Java\jre7\bin\javaw.exe
0x00007ffba9ec0000 - 0x00007ffbaa069000 	C:\WINDOWS\SYSTEM32\ntdll.dll
0x00007ffba8ce0000 - 0x00007ffba8e19000 	C:\WINDOWS\system32\KERNEL32.DLL
0x00007ffba73b0000 - 0x00007ffba74be000 	C:\WINDOWS\system32\KERNELBASE.dll
0x00007ffba5e70000 - 0x00007ffba5efb000 	C:\WINDOWS\system32\apphelp.dll
0x00007ffb96530000 - 0x00007ffb9657c000 	C:\WINDOWS\AppPatch\AppPatch64\AcGenral.DLL
0x00007ffba8c30000 - 0x00007ffba8cd7000 	C:\WINDOWS\system32\msvcrt.dll
0x00007ffba7080000 - 0x00007ffba70ab000 	C:\WINDOWS\SYSTEM32\SspiCli.dll
0x00007ffba95e0000 - 0x00007ffba9631000 	C:\WINDOWS\system32\SHLWAPI.dll
0x00007ffba9640000 - 0x00007ffba97b1000 	C:\WINDOWS\system32\USER32.dll
0x00007ffba91a0000 - 0x00007ffba9316000 	C:\WINDOWS\system32\ole32.dll
0x00007ffba7760000 - 0x00007ffba8b6f000 	C:\WINDOWS\system32\SHELL32.dll
0x00007ffba6850000 - 0x00007ffba686f000 	C:\WINDOWS\SYSTEM32\USERENV.dll
0x00007ffba9910000 - 0x00007ffba99b5000 	C:\WINDOWS\system32\ADVAPI32.dll
0x00007ffb9a580000 - 0x00007ffb9a59b000 	C:\WINDOWS\SYSTEM32\MPR.dll
0x00007ffba94a0000 - 0x00007ffba95d6000 	C:\WINDOWS\system32\RPCRT4.dll
0x00007ffba99c0000 - 0x00007ffba9a17000 	C:\WINDOWS\SYSTEM32\sechost.dll
0x00007ffba8e20000 - 0x00007ffba8ff7000 	C:\WINDOWS\SYSTEM32\combase.dll
0x00007ffba97c0000 - 0x00007ffba9905000 	C:\WINDOWS\system32\GDI32.dll
0x00007ffba7240000 - 0x00007ffba7254000 	C:\WINDOWS\SYSTEM32\profapi.dll
0x00007ffba5890000 - 0x00007ffba5931000 	C:\WINDOWS\SYSTEM32\SHCORE.dll
0x00007ffba9db0000 - 0x00007ffba9de4000 	C:\WINDOWS\system32\IMM32.DLL
0x00007ffba9a90000 - 0x00007ffba9bc8000 	C:\WINDOWS\system32\MSCTF.dll
0x00007ffba42d0000 - 0x00007ffba452a000 	C:\WINDOWS\WinSxS\amd64_microsoft.windows.common-controls_6595b64144ccf1df_6.0.9600.16384_none_62475f7becb72503\COMCTL32.dll
0x000000006ec20000 - 0x000000006ecf1000 	C:\Program Files\Java\jre7\bin\msvcr100.dll
0x000000006d470000 - 0x000000006dc39000 	C:\Program Files\Java\jre7\bin\server\jvm.dll
0x00007ffb90f50000 - 0x00007ffb90f59000 	C:\WINDOWS\SYSTEM32\WSOCK32.dll
0x00007ffb9aaf0000 - 0x00007ffb9ab0f000 	C:\WINDOWS\SYSTEM32\WINMM.dll
0x00007ffba7750000 - 0x00007ffba7757000 	C:\WINDOWS\system32\PSAPI.DLL
0x00007ffba9a20000 - 0x00007ffba9a78000 	C:\WINDOWS\system32\WS2_32.dll
0x00007ffb98f20000 - 0x00007ffb98f4a000 	C:\WINDOWS\SYSTEM32\WINMMBASE.dll
0x00007ffba9a80000 - 0x00007ffba9a89000 	C:\WINDOWS\system32\NSI.dll
0x00007ffba7360000 - 0x00007ffba73aa000 	C:\WINDOWS\SYSTEM32\cfgmgr32.dll
0x00007ffba60e0000 - 0x00007ffba6106000 	C:\WINDOWS\SYSTEM32\DEVOBJ.dll
0x000000006ec10000 - 0x000000006ec1f000 	C:\Program Files\Java\jre7\bin\verify.dll
0x000000006ebe0000 - 0x000000006ec08000 	C:\Program Files\Java\jre7\bin\java.dll
0x000000006ebc0000 - 0x000000006ebd5000 	C:\Program Files\Java\jre7\bin\zip.dll

VM Arguments:
jvm_args: -Dfile.encoding=Cp1252 -Xbootclasspath:D:\Documents\adt-bundle-windows-x86_64-20130729\adt-bundle-windows-x86_64-20130729\sdk\platforms\android-19\android.jar 
java_command: com.example.triageapplication.Patient
Launcher Type: SUN_STANDARD

Environment Variables:
JAVA_HOME=C:\Program Files\Java\jdk1.7.0_40
PATH=
[error occurred during error reporting (printing environment variables), id 0xc0000005]



---------------  S Y S T E M  ---------------

OS: Windows 8 , 64 bit Build 9200 

CPU:total 4 (2 cores per cpu, 2 threads per core) family 6 model 58 stepping 9, cmov, cx8, fxsr, mmx, sse, sse2, sse3, ssse3, sse4.1, sse4.2, popcnt, avx, aes, erms, ht, tsc, tscinvbit, tscinv

Memory: 4k page, physical 6174416k(1400932k free), swap 8845524k(2502864k free)

vm_info: Java HotSpot(TM) 64-Bit Server VM (24.0-b56) for windows-amd64 JRE (1.7.0_40-b43), built on Aug 26 2013 22:38:32 by "java_re" with unknown MS VC++:1600

time: Wed Nov 06 03:10:53 2013
elapsed time: 0 seconds

